c:\users\lachende\desktop\授業\gm31\gmkadai2\gmkadai1\x64\debug\vc143.pdb
c:\users\lachende\desktop\授業\gm31\gmkadai2\gmkadai1\x64\debug\vc143.idb
c:\users\lachende\desktop\授業\gm31\gmkadai2\gmkadai1\x64\debug\title.obj
c:\users\lachende\desktop\授業\gm31\gmkadai2\gmkadai1\x64\debug\sprite.obj
c:\users\lachende\desktop\授業\gm31\gmkadai2\gmkadai1\x64\debug\renderer.obj
c:\users\lachende\desktop\授業\gm31\gmkadai2\gmkadai1\x64\debug\polygon2d.obj
c:\users\lachende\desktop\授業\gm31\gmkadai2\gmkadai1\x64\debug\model.obj
c:\users\lachende\desktop\授業\gm31\gmkadai2\gmkadai1\x64\debug\manager.obj
c:\users\lachende\desktop\授業\gm31\gmkadai2\gmkadai1\x64\debug\main.obj
c:\users\lachende\desktop\授業\gm31\gmkadai2\gmkadai1\x64\debug\input.obj
c:\users\lachende\desktop\授業\gm31\gmkadai2\gmkadai1\x64\debug\game.obj
c:\users\lachende\desktop\授業\gm31\gmkadai2\gmkadai1\x64\debug\field.obj
c:\users\lachende\desktop\授業\gm31\gmkadai2\gmkadai1\x64\debug\explosion.obj
c:\users\lachende\desktop\授業\gm31\gmkadai2\gmkadai1\x64\debug\enemy.obj
c:\users\lachende\desktop\授業\gm31\gmkadai2\gmkadai1\x64\debug\cylinder.obj
c:\users\lachende\desktop\授業\gm31\gmkadai2\gmkadai1\x64\debug\camera.obj
c:\users\lachende\desktop\授業\gm31\gmkadai2\gmkadai1\x64\debug\bullet.obj
c:\users\lachende\desktop\授業\gm31\gmkadai2\gmkadai1\x64\debug\box.obj
c:\users\lachende\desktop\授業\gm31\gmkadai2\gmkadai1\x64\debug\audio.obj
c:\users\lachende\desktop\授業\gm31\gmkadai2\gmkadai1\x64\debug\player.obj
c:\users\lachende\desktop\授業\gm31\gmkadai2\gmkadai1\x64\debug\score.obj
c:\users\lachende\desktop\授業\gm31\gmkadai2\gmkadai1\x64\debug\titlelogo.obj
c:\users\lachende\desktop\授業\gm31\gmkadai2\gmkadai1\shader\unlittextureps.cso
c:\users\lachende\desktop\授業\gm31\gmkadai2\gmkadai1\shader\unlittexturevs.cso
c:\users\lachende\desktop\授業\gm31\gmkadai2\gmkadai1\shader\vertexlightingps.cso
c:\users\lachende\desktop\授業\gm31\gmkadai2\gmkadai1\shader\vertexlightingvs.cso
c:\users\lachende\desktop\授業\gm31\gmkadai2\x64\debug\gmkadai1.exe
c:\users\lachende\desktop\授業\gm31\gmkadai2\gmkadai1\x64\debug\gmkadai1.ilk
c:\users\lachende\desktop\授業\gm31\gmkadai2\x64\debug\gmkadai1.pdb
c:\users\lachende\desktop\授業\gm31\gmkadai2\gmkadai1\x64\debug\gmkadai1.tlog\cl.command.1.tlog
c:\users\lachende\desktop\授業\gm31\gmkadai2\gmkadai1\x64\debug\gmkadai1.tlog\cl.read.1.tlog
c:\users\lachende\desktop\授業\gm31\gmkadai2\gmkadai1\x64\debug\gmkadai1.tlog\cl.write.1.tlog
c:\users\lachende\desktop\授業\gm31\gmkadai2\gmkadai1\x64\debug\gmkadai1.tlog\fxc.command.1.tlog
c:\users\lachende\desktop\授業\gm31\gmkadai2\gmkadai1\x64\debug\gmkadai1.tlog\fxc.read.1.tlog
c:\users\lachende\desktop\授業\gm31\gmkadai2\gmkadai1\x64\debug\gmkadai1.tlog\fxc.write.1.tlog
c:\users\lachende\desktop\授業\gm31\gmkadai2\gmkadai1\x64\debug\gmkadai1.tlog\link.command.1.tlog
c:\users\lachende\desktop\授業\gm31\gmkadai2\gmkadai1\x64\debug\gmkadai1.tlog\link.read.1.tlog
c:\users\lachende\desktop\授業\gm31\gmkadai2\gmkadai1\x64\debug\gmkadai1.tlog\link.write.1.tlog
